This is pdfTeXk, Version 3.141592-1.40.3 (Web2C 7.5.6) (format=pdflatex 2007.5.18)  7 MAR 2008 13:02
entering extended mode
 %&-line parsing enabled.
**\input permutation.tex
(./permutation.tex
(/usr/local/texlive/2007/texmf-dist/tex/latex/base/article.cls
Document Class: article 2005/09/16 v1.4f Standard LaTeX document class
(/usr/local/texlive/2007/texmf-dist/tex/latex/base/size10.clo
File: size10.clo 2005/09/16 v1.4f Standard LaTeX file (size option)
)
\c@part=\count79
\c@section=\count80
\c@subsection=\count81
\c@subsubsection=\count82
\c@paragraph=\count83
\c@subparagraph=\count84
\c@figure=\count85
\c@table=\count86
\abovecaptionskip=\skip41
\belowcaptionskip=\skip42
\bibindent=\dimen102
)
(./permutation.aux)
\openout1 = `permutation.aux'.

LaTeX Font Info:    Checking defaults for OML/cmm/m/it on input line 13.
LaTeX Font Info:    ... okay on input line 13.
LaTeX Font Info:    Checking defaults for T1/cmr/m/n on input line 13.
LaTeX Font Info:    ... okay on input line 13.
LaTeX Font Info:    Checking defaults for OT1/cmr/m/n on input line 13.
LaTeX Font Info:    ... okay on input line 13.
LaTeX Font Info:    Checking defaults for OMS/cmsy/m/n on input line 13.
LaTeX Font Info:    ... okay on input line 13.
LaTeX Font Info:    Checking defaults for OMX/cmex/m/n on input line 13.
LaTeX Font Info:    ... okay on input line 13.
LaTeX Font Info:    Checking defaults for U/cmr/m/n on input line 13.
LaTeX Font Info:    ... okay on input line 13.
LaTeX Font Info:    External font `cmex10' loaded for size
(Font)              <7> on input line 37.
LaTeX Font Info:    External font `cmex10' loaded for size
(Font)              <5> on input line 37.
 [1

{/usr/local/texlive/2007/texmf-var/fonts/map/pdftex/updmap/pdftex.map}] (./perm
utation.aux) ) 
Here is how much of TeX's memory you used:
 217 strings out of 94073
 2359 string characters out of 1162984
 51804 words of memory out of 1500000
 3583 multiletter control sequences out of 10000+50000
 5198 words of font info for 19 fonts, out of 1200000 for 2000
 645 hyphenation exceptions out of 8191
 23i,9n,17p,517b,143s stack positions out of 5000i,500n,6000p,200000b,5000s
</usr/local/texlive/2007/texmf-dist/fonts/type1/bluesky/cm/cmbx10
.pfb></usr/local/texlive/2007/texmf-dist/fonts/type1/bluesky/cm/cmbx12.pfb></us
r/local/texlive/2007/texmf-dist/fonts/type1/bluesky/cm/cmex10.pfb></usr/local/t
exlive/2007/texmf-dist/fonts/type1/bluesky/cm/cmmi10.pfb></usr/local/texlive/20
07/texmf-dist/fonts/type1/bluesky/cm/cmmi7.pfb></usr/local/texlive/2007/texmf-d
ist/fonts/type1/bluesky/cm/cmr10.pfb></usr/local/texlive/2007/texmf-dist/fonts/
type1/bluesky/cm/cmr17.pfb></usr/local/texlive/2007/texmf-dist/fonts/type1/blue
sky/cm/cmr7.pfb></usr/local/texlive/2007/texmf-dist/fonts/type1/bluesky/cm/cmsy
10.pfb></usr/local/texlive/2007/texmf-dist/fonts/type1/bluesky/cm/cmsy7.pfb></u
sr/local/texlive/2007/texmf-dist/fonts/type1/bluesky/cm/cmti10.pfb>
Output written on permutation.pdf (1 page, 53225 bytes).
PDF statistics:
 50 PDF objects out of 1000 (max. 8388607)
 0 named destinations out of 1000 (max. 131072)
 1 words of extra memory for PDF output out of 10000 (max. 10000000)

